#
# There is insufficient memory for the Java Runtime Environment to continue.
# Native memory allocation (malloc) failed to allocate 65552 bytes. Error detail: Chunk::new
# Possible reasons:
#   The system is out of physical RAM or swap space
#   This process is running with CompressedOops enabled, and the Java Heap may be blocking the growth of the native heap
# Possible solutions:
#   Reduce memory load on the system
#   Increase physical memory or swap space
#   Check if swap backing store is full
#   Decrease Java heap size (-Xmx/-Xms)
#   Decrease number of Java threads
#   Decrease Java thread stack sizes (-Xss)
#   Set larger code cache with -XX:ReservedCodeCacheSize=
#   JVM is running with Unscaled Compressed Oops mode in which the Java heap is
#     placed in the first 4GB address space. The Java Heap base address is the
#     maximum limit for the native heap growth. Please use -XX:HeapBaseMinAddress
#     to set the Java Heap base and to place the Java Heap above 4GB virtual address.
# This output file may be truncated or incomplete.
#
#  Out of Memory Error (arena.cpp:168), pid=26816, tid=13172
#
# JRE version: OpenJDK Runtime Environment Temurin-21.0.8+9 (21.0.8+9) (build 21.0.8+9-LTS)
# Java VM: OpenJDK 64-Bit Server VM Temurin-21.0.8+9 (21.0.8+9-LTS, mixed mode, sharing, tiered, compressed oops, compressed class ptrs, parallel gc, windows-amd64)
# No core dump will be written. Minidumps are not enabled by default on client versions of Windows
#

---------------  S U M M A R Y ------------

Command Line: --add-modules=ALL-SYSTEM --add-opens=java.base/java.util=ALL-UNNAMED --add-opens=java.base/java.lang=ALL-UNNAMED --add-opens=java.base/sun.nio.fs=ALL-UNNAMED -Declipse.application=org.eclipse.jdt.ls.core.id1 -Dosgi.bundles.defaultStartLevel=4 -Declipse.product=org.eclipse.jdt.ls.core.product -Djava.import.generatesMetadataFilesAtProjectRoot=false -DDetectVMInstallationsJob.disabled=true -Dfile.encoding=utf8 -XX:+UseParallelGC -XX:GCTimeRatio=4 -XX:AdaptiveSizePolicyWeight=90 -Dsun.zip.disableMemoryMapping=true -Xmx2G -Xms100m -Xlog:disable -javaagent:c:\Users\tecno\.cursor\extensions\redhat.java-1.44.0-win32-x64\lombok\lombok-1.18.39-4050.jar -XX:+HeapDumpOnOutOfMemoryError -XX:HeapDumpPath=c:\Users\tecno\AppData\Roaming\Cursor\User\workspaceStorage\9eae34b0d5b89c8b22c897e650099e2c\redhat.java -Daether.dependencyCollector.impl=bf c:\Users\tecno\.cursor\extensions\redhat.java-1.44.0-win32-x64\server\plugins\org.eclipse.equinox.launcher_1.7.0.v20250519-0528.jar -configuration c:\Users\tecno\AppData\Roaming\Cursor\User\globalStorage\redhat.java\1.44.0\config_win -data c:\Users\tecno\AppData\Roaming\Cursor\User\workspaceStorage\9eae34b0d5b89c8b22c897e650099e2c\redhat.java\jdt_ws --pipe=\\.\pipe\lsp-d6ae982270704671925fdbbdabe2e2ff-sock

Host: AMD Ryzen 5 4600G with Radeon Graphics, 12 cores, 23G,  Windows 11 , 64 bit Build 26100 (10.0.26100.4768)
Time: Wed Aug 13 14:23:34 2025 Hora oficial do Brasil elapsed time: 123.912833 seconds (0d 0h 2m 3s)

---------------  T H R E A D  ---------------

Current thread (0x000002877eb86970):  JavaThread "C2 CompilerThread1" daemon [_thread_in_native, id=13172, stack(0x000000fcbcf00000,0x000000fcbd000000) (1024K)]


Current CompileTask:
C2:123912 10765   !   4       org.eclipse.jdt.internal.core.search.indexing.BinaryIndexer::indexDocument (1168 bytes)

Stack: [0x000000fcbcf00000,0x000000fcbd000000]
Native frames: (J=compiled Java code, j=interpreted, Vv=VM code, C=native code)
V  [jvm.dll+0x6d2449]
V  [jvm.dll+0x8ae341]
V  [jvm.dll+0x8b08be]
V  [jvm.dll+0x8b0fa3]
V  [jvm.dll+0x280c96]
V  [jvm.dll+0xc581d]
V  [jvm.dll+0xc5d53]
V  [jvm.dll+0xc5945]
V  [jvm.dll+0x6ad73c]
V  [jvm.dll+0x5e93db]
V  [jvm.dll+0x5e8b19]
V  [jvm.dll+0x5e836e]
V  [jvm.dll+0x5e8381]
V  [jvm.dll+0x5e8381]
V  [jvm.dll+0x5e8381]
V  [jvm.dll+0x5e8381]
V  [jvm.dll+0x5e8381]
V  [jvm.dll+0x5e8381]
V  [jvm.dll+0x5e8381]
V  [jvm.dll+0x5e8381]
V  [jvm.dll+0x5e8381]
V  [jvm.dll+0x5e8381]
V  [jvm.dll+0x5fa775]
V  [jvm.dll+0x252092]
V  [jvm.dll+0x24aa06]
V  [jvm.dll+0x2483a4]
V  [jvm.dll+0x1c89ee]
V  [jvm.dll+0x257d4d]
V  [jvm.dll+0x2562ea]
V  [jvm.dll+0x3f2d16]
V  [jvm.dll+0x857e6b]
V  [jvm.dll+0x6d0b0d]
C  [ucrtbase.dll+0x37b0]
C  [KERNEL32.DLL+0x2e8d7]
C  [ntdll.dll+0x3c34c]


---------------  P R O C E S S  ---------------

Threads class SMR info:
_java_thread_list=0x0000028753316960, length=49, elements={
0x000002876fc30540, 0x000002876fcd33e0, 0x000002876fbdba20, 0x000002876fcd69f0,
0x000002876fcd6360, 0x000002876fcd7080, 0x000002876fcd8430, 0x000002876fce4980,
0x000002876fce9920, 0x000002876fcd7710, 0x000002876fcd9150, 0x000002876fcd7da0,
0x000002876fcd8ac0, 0x000002876fcd5cd0, 0x000002877e181a30, 0x000002877e182750,
0x000002877e180680, 0x000002877e17fff0, 0x000002877e1820c0, 0x000002877e184820,
0x000002877e183470, 0x000002877e186f80, 0x000002877e185540, 0x000002877e187610,
0x000002877e185bd0, 0x000002877e186260, 0x000002877e1868f0, 0x0000028751e8b250,
0x0000028751e89ea0, 0x0000028751e87dd0, 0x0000028751e8b8e0, 0x0000028751e89810,
0x0000028751e89180, 0x0000028751e8a530, 0x0000028751e8abc0, 0x0000028751e88460,
0x0000028751e8bf70, 0x0000028751e8ed60, 0x0000028751e8d9b0, 0x0000028751e8c600,
0x000002877f7570a0, 0x000002877f756a10, 0x000002877f759170, 0x000002877f755cf0,
0x000002875192de30, 0x000002875192eb50, 0x000002875192d110, 0x000002877eb86970,
0x000002875192bd60
}

Java Threads: ( => current thread )
  0x000002876fc30540 JavaThread "main"                              [_thread_blocked, id=25064, stack(0x000000fcbd000000,0x000000fcbd100000) (1024K)]
  0x000002876fcd33e0 JavaThread "Reference Handler"          daemon [_thread_blocked, id=18420, stack(0x000000fcbd400000,0x000000fcbd500000) (1024K)]
  0x000002876fbdba20 JavaThread "Finalizer"                  daemon [_thread_blocked, id=21976, stack(0x000000fcbd500000,0x000000fcbd600000) (1024K)]
  0x000002876fcd69f0 JavaThread "Signal Dispatcher"          daemon [_thread_blocked, id=21444, stack(0x000000fcbd600000,0x000000fcbd700000) (1024K)]
  0x000002876fcd6360 JavaThread "Attach Listener"            daemon [_thread_blocked, id=17760, stack(0x000000fcbd700000,0x000000fcbd800000) (1024K)]
  0x000002876fcd7080 JavaThread "Service Thread"             daemon [_thread_blocked, id=1464, stack(0x000000fcbd800000,0x000000fcbd900000) (1024K)]
  0x000002876fcd8430 JavaThread "Monitor Deflation Thread"   daemon [_thread_blocked, id=2004, stack(0x000000fcbd900000,0x000000fcbda00000) (1024K)]
  0x000002876fce4980 JavaThread "C2 CompilerThread0"         daemon [_thread_blocked, id=8420, stack(0x000000fcbda00000,0x000000fcbdb00000) (1024K)]
  0x000002876fce9920 JavaThread "C1 CompilerThread0"         daemon [_thread_blocked, id=25932, stack(0x000000fcbdb00000,0x000000fcbdc00000) (1024K)]
  0x000002876fcd7710 JavaThread "Common-Cleaner"             daemon [_thread_blocked, id=26912, stack(0x000000fcbdc00000,0x000000fcbdd00000) (1024K)]
  0x000002876fcd9150 JavaThread "Notification Thread"        daemon [_thread_blocked, id=27344, stack(0x000000fcbde00000,0x000000fcbdf00000) (1024K)]
  0x000002876fcd7da0 JavaThread "Active Thread: Equinox Container: aea0dd36-1d7d-46d1-a9cf-7cac1fcdc7b2"        [_thread_blocked, id=27080, stack(0x000000fcbe600000,0x000000fcbe700000) (1024K)]
  0x000002876fcd8ac0 JavaThread "Refresh Thread: Equinox Container: aea0dd36-1d7d-46d1-a9cf-7cac1fcdc7b2" daemon [_thread_blocked, id=27004, stack(0x000000fcbdf00000,0x000000fcbe000000) (1024K)]
  0x000002876fcd5cd0 JavaThread "Framework Event Dispatcher: Equinox Container: aea0dd36-1d7d-46d1-a9cf-7cac1fcdc7b2" daemon [_thread_blocked, id=27404, stack(0x000000fcbe700000,0x000000fcbe800000) (1024K)]
  0x000002877e181a30 JavaThread "Start Level: Equinox Container: aea0dd36-1d7d-46d1-a9cf-7cac1fcdc7b2" daemon [_thread_blocked, id=26988, stack(0x000000fcbe800000,0x000000fcbe900000) (1024K)]
  0x000002877e182750 JavaThread "Bundle File Closer"         daemon [_thread_blocked, id=23820, stack(0x000000fcbeb00000,0x000000fcbec00000) (1024K)]
  0x000002877e180680 JavaThread "SCR Component Actor"        daemon [_thread_blocked, id=5556, stack(0x000000fcbec00000,0x000000fcbed00000) (1024K)]
  0x000002877e17fff0 JavaThread "Worker-JM"                         [_thread_blocked, id=27300, stack(0x000000fcbef00000,0x000000fcbf000000) (1024K)]
  0x000002877e1820c0 JavaThread "Worker-0"                          [_thread_blocked, id=27504, stack(0x000000fcbf000000,0x000000fcbf100000) (1024K)]
  0x000002877e184820 JavaThread "Worker-1: Java indexing... "        [_thread_blocked, id=27632, stack(0x000000fcbf100000,0x000000fcbf200000) (1024K)]
  0x000002877e183470 JavaThread "Java indexing"              daemon [_thread_blocked, id=21724, stack(0x000000fcbf200000,0x000000fcbf300000) (1024K)]
  0x000002877e186f80 JavaThread "JNA Cleaner"                daemon [_thread_blocked, id=25320, stack(0x000000fcbf300000,0x000000fcbf400000) (1024K)]
  0x000002877e185540 JavaThread "Thread-2"                   daemon [_thread_in_native, id=26864, stack(0x000000fcbfa00000,0x000000fcbfb00000) (1024K)]
  0x000002877e187610 JavaThread "Thread-3"                   daemon [_thread_in_native, id=27028, stack(0x000000fcbfb00000,0x000000fcbfc00000) (1024K)]
  0x000002877e185bd0 JavaThread "Thread-4"                   daemon [_thread_in_native, id=27384, stack(0x000000fcbfc00000,0x000000fcbfd00000) (1024K)]
  0x000002877e186260 JavaThread "Thread-5"                   daemon [_thread_in_native, id=20260, stack(0x000000fcbfd00000,0x000000fcbfe00000) (1024K)]
  0x000002877e1868f0 JavaThread "Thread-6"                   daemon [_thread_in_native, id=27608, stack(0x000000fcbfe00000,0x000000fcbff00000) (1024K)]
  0x0000028751e8b250 JavaThread "Thread-7"                   daemon [_thread_in_native, id=22888, stack(0x000000fcbff00000,0x000000fcc0000000) (1024K)]
  0x0000028751e89ea0 JavaThread "Thread-8"                   daemon [_thread_in_native, id=4288, stack(0x000000fcc0000000,0x000000fcc0100000) (1024K)]
  0x0000028751e87dd0 JavaThread "Thread-9"                   daemon [_thread_in_native, id=27208, stack(0x000000fcc0100000,0x000000fcc0200000) (1024K)]
  0x0000028751e8b8e0 JavaThread "Thread-10"                  daemon [_thread_in_native, id=27256, stack(0x000000fcc0200000,0x000000fcc0300000) (1024K)]
  0x0000028751e89810 JavaThread "Thread-11"                  daemon [_thread_in_native, id=9948, stack(0x000000fcc0300000,0x000000fcc0400000) (1024K)]
  0x0000028751e89180 JavaThread "Thread-12"                  daemon [_thread_in_native, id=26824, stack(0x000000fcc0400000,0x000000fcc0500000) (1024K)]
  0x0000028751e8a530 JavaThread "Thread-13"                  daemon [_thread_in_native, id=27640, stack(0x000000fcc0500000,0x000000fcc0600000) (1024K)]
  0x0000028751e8abc0 JavaThread "Thread-14"                  daemon [_thread_in_native, id=26772, stack(0x000000fcc0600000,0x000000fcc0700000) (1024K)]
  0x0000028751e88460 JavaThread "pool-2-thread-1"                   [_thread_blocked, id=26936, stack(0x000000fcc0700000,0x000000fcc0800000) (1024K)]
  0x0000028751e8bf70 JavaThread "Worker-4: Initialize Workspace"        [_thread_blocked, id=27604, stack(0x000000fcc0800000,0x000000fcc0900000) (1024K)]
  0x0000028751e8ed60 JavaThread "WorkspaceEventsHandler"            [_thread_blocked, id=26852, stack(0x000000fcc0a00000,0x000000fcc0b00000) (1024K)]
  0x0000028751e8d9b0 JavaThread "pool-1-thread-1"                   [_thread_blocked, id=12772, stack(0x000000fcc0b00000,0x000000fcc0c00000) (1024K)]
  0x0000028751e8c600 JavaThread "Timer-0"                           [_thread_blocked, id=26820, stack(0x000000fcc0e00000,0x000000fcc0f00000) (1024K)]
  0x000002877f7570a0 JavaThread "Timer-1"                           [_thread_blocked, id=21364, stack(0x000000fcbed00000,0x000000fcbee00000) (1024K)]
  0x000002877f756a10 JavaThread "Timer-2"                           [_thread_blocked, id=27496, stack(0x000000fcbee00000,0x000000fcbef00000) (1024K)]
  0x000002877f759170 JavaThread "Timer-3"                           [_thread_blocked, id=27520, stack(0x000000fcbf800000,0x000000fcbf900000) (1024K)]
  0x000002877f755cf0 JavaThread "Timer-4"                           [_thread_blocked, id=2484, stack(0x000000fcc0f00000,0x000000fcc1000000) (1024K)]
  0x000002875192de30 JavaThread "Timer-5"                           [_thread_blocked, id=5836, stack(0x000000fcbcd00000,0x000000fcbce00000) (1024K)]
  0x000002875192eb50 JavaThread "Timer-6"                           [_thread_blocked, id=18888, stack(0x000000fcbce00000,0x000000fcbcf00000) (1024K)]
  0x000002875192d110 JavaThread "Worker-6"                          [_thread_blocked, id=16692, stack(0x000000fcbf700000,0x000000fcbf800000) (1024K)]
=>0x000002877eb86970 JavaThread "C2 CompilerThread1"         daemon [_thread_in_native, id=13172, stack(0x000000fcbcf00000,0x000000fcbd000000) (1024K)]
  0x000002875192bd60 JavaThread "Worker-7"                          [_thread_blocked, id=12512, stack(0x000000fcc0900000,0x000000fcc0a00000) (1024K)]
Total: 49

Other Threads:
  0x000002876fcce910 VMThread "VM Thread"                           [id=25880, stack(0x000000fcbd300000,0x000000fcbd400000) (1024K)]
  0x000002876fabca00 WatcherThread "VM Periodic Task Thread"        [id=8956, stack(0x000000fcbd200000,0x000000fcbd300000) (1024K)]
  0x000002876fc4da30 WorkerThread "GC Thread#0"                     [id=20524, stack(0x000000fcbd100000,0x000000fcbd200000) (1024K)]
  0x000002877e678eb0 WorkerThread "GC Thread#1"                     [id=27116, stack(0x000000fcbe000000,0x000000fcbe100000) (1024K)]
  0x000002877e678770 WorkerThread "GC Thread#2"                     [id=27120, stack(0x000000fcbe100000,0x000000fcbe200000) (1024K)]
  0x000002877e679250 WorkerThread "GC Thread#3"                     [id=27128, stack(0x000000fcbe200000,0x000000fcbe300000) (1024K)]
  0x000002877e679990 WorkerThread "GC Thread#4"                     [id=27132, stack(0x000000fcbe300000,0x000000fcbe400000) (1024K)]
  0x000002877e678030 WorkerThread "GC Thread#5"                     [id=27456, stack(0x000000fcbe400000,0x000000fcbe500000) (1024K)]
  0x000002877e678b10 WorkerThread "GC Thread#6"                     [id=27448, stack(0x000000fcbe500000,0x000000fcbe600000) (1024K)]
  0x000002877e6783d0 WorkerThread "GC Thread#7"                     [id=27052, stack(0x000000fcbdd00000,0x000000fcbde00000) (1024K)]
  0x000002877e28b2f0 WorkerThread "GC Thread#8"                     [id=26508, stack(0x000000fcbe900000,0x000000fcbea00000) (1024K)]
  0x000002877e28b690 WorkerThread "GC Thread#9"                     [id=26964, stack(0x000000fcbea00000,0x000000fcbeb00000) (1024K)]
Total: 12

Threads with active compile tasks:
C2 CompilerThread0  123981 10771       4       org.eclipse.jdt.internal.compiler.classfmt.ClassFileReader::isAnonymous (30 bytes)
C2 CompilerThread1  123981 10765   !   4       org.eclipse.jdt.internal.core.search.indexing.BinaryIndexer::indexDocument (1168 bytes)
Total: 2

VM state: at safepoint (normal execution)

VM Mutex/Monitor currently owned by a thread:  ([mutex/lock_event])
[0x00007ffdc80a5458] Threads_lock - owner thread: 0x000002876fcce910
[0x00007ffdc80a5558] Heap_lock - owner thread: 0x000002877e183470

Heap address: 0x0000000080000000, size: 2048 MB, Compressed Oops mode: 32-bit

CDS archive(s) mapped at: [0x000002870f000000-0x000002870fba0000-0x000002870fba0000), size 12189696, SharedBaseAddress: 0x000002870f000000, ArchiveRelocationMode: 1.
Compressed class space mapped at: 0x0000028710000000-0x0000028750000000, reserved size: 1073741824
Narrow klass base: 0x000002870f000000, Narrow klass shift: 0, Narrow klass range: 0x100000000

GC Precious Log:
 CardTable entry size: 512
 CPUs: 12 total, 12 available
 Memory: 23953M
 Large Page Support: Disabled
 NUMA Support: Disabled
 Compressed Oops: Enabled (32-bit)
 Alignments: Space 512K, Generation 512K, Heap 2M
 Heap Min Capacity: 100M
 Heap Initial Capacity: 100M
 Heap Max Capacity: 2G
 Pre-touch: Disabled
 Parallel Workers: 10

Heap:
 PSYoungGen      total 3584K, used 3240K [0x00000000d5580000, 0x00000000d5a00000, 0x0000000100000000)
  eden space 2560K, 100% used [0x00000000d5580000,0x00000000d5800000,0x00000000d5800000)
  from space 1024K, 66% used [0x00000000d5800000,0x00000000d58aa0f0,0x00000000d5900000)
  to   space 1024K, 73% used [0x00000000d5900000,0x00000000d59bd418,0x00000000d5a00000)
 ParOldGen       total 179712K, used 179380K [0x0000000080000000, 0x000000008af80000, 0x00000000d5580000)
  object space 179712K, 99% used [0x0000000080000000,0x000000008af2d2f0,0x000000008af80000)
 Metaspace       used 72517K, committed 74112K, reserved 1114112K
  class space    used 8981K, committed 9664K, reserved 1048576K

Card table byte_map: [0x000002876f5d0000,0x000002876f9e0000] _byte_map_base: 0x000002876f1d0000

Marking Bits: (ParMarkBitMap*) 0x00007ffdc80aa340
 Begin Bits: [0x00000287730d0000, 0x00000287750d0000)
 End Bits:   [0x00000287750d0000, 0x00000287770d0000)

Polling page: 0x000002876da60000

Metaspace:

Usage:
  Non-class:     62.05 MB used.
      Class:      8.77 MB used.
       Both:     70.82 MB used.

Virtual space:
  Non-class space:       64.00 MB reserved,      62.94 MB ( 98%) committed,  1 nodes.
      Class space:        1.00 GB reserved,       9.44 MB ( <1%) committed,  1 nodes.
             Both:        1.06 GB reserved,      72.38 MB (  7%) committed. 

Chunk freelists:
   Non-Class:  752.00 KB
       Class:  6.59 MB
        Both:  7.33 MB

MaxMetaspaceSize: unlimited
CompressedClassSpaceSize: 1.00 GB
Initial GC threshold: 21.00 MB
Current GC threshold: 97.31 MB
CDS: on
 - commit_granule_bytes: 65536.
 - commit_granule_words: 8192.
 - virtual_space_node_default_size: 8388608.
 - enlarge_chunks_in_place: 1.
 - use_allocation_guard: 0.


Internal statistics:

num_allocs_failed_limit: 9.
num_arena_births: 1334.
num_arena_deaths: 14.
num_vsnodes_births: 2.
num_vsnodes_deaths: 0.
num_space_committed: 1158.
num_space_uncommitted: 0.
num_chunks_returned_to_freelist: 23.
num_chunks_taken_from_freelist: 4404.
num_chunk_merges: 13.
num_chunk_splits: 2812.
num_chunks_enlarged: 1731.
num_inconsistent_stats: 0.

CodeHeap 'non-profiled nmethods': size=120000Kb used=9119Kb max_used=9864Kb free=110880Kb
 bounds [0x0000028707ad0000, 0x0000028708480000, 0x000002870f000000]
CodeHeap 'profiled nmethods': size=120000Kb used=18047Kb max_used=20596Kb free=101953Kb
 bounds [0x0000028700000000, 0x0000028701420000, 0x0000028707530000]
CodeHeap 'non-nmethods': size=5760Kb used=1447Kb max_used=1527Kb free=4312Kb
 bounds [0x0000028707530000, 0x00000287077a0000, 0x0000028707ad0000]
CodeCache: size=245760Kb, used=28613Kb, max_used=31987Kb, free=217145Kb
 total_blobs=9949, nmethods=9189, adapters=666, full_count=0
Compilation: enabled, stopped_count=0, restarted_count=0

Compilation events (20 events):
Event: 123.704 Thread 0x000002876fce4980 10751       4       java.io.OutputStream::flush (1 bytes)
Event: 123.705 Thread 0x000002876fce4980 nmethod 10751 0x000002870845bb90 code [0x000002870845bd20, 0x000002870845bda8]
Event: 123.712 Thread 0x000002876fce4980 10762       4       java.util.TimSort::countRunAndMakeAscending (128 bytes)
Event: 123.721 Thread 0x000002876fce4980 nmethod 10762 0x000002870845be90 code [0x000002870845c080, 0x000002870845c900]
Event: 123.722 Thread 0x000002876fce4980 10763       4       org.eclipse.jdt.internal.compiler.util.Util::scanClassTypeSignature (109 bytes)
Event: 123.726 Thread 0x000002876fce4980 nmethod 10763 0x000002870845cd90 code [0x000002870845cf60, 0x000002870845d340]
Event: 123.744 Thread 0x000002877eb86970 nmethod 10668 0x000002870845d610 code [0x000002870845e1c0, 0x0000028708469140]
Event: 123.756 Thread 0x000002877eb86970 10764       4       org.eclipse.jdt.internal.compiler.classfmt.MethodInfo::getArgumentNames (16 bytes)
Event: 123.756 Thread 0x000002877eb86970 nmethod 10764 0x0000028708470b90 code [0x0000028708470d20, 0x0000028708470de0]
Event: 123.797 Thread 0x000002877eb86970 10765   !   4       org.eclipse.jdt.internal.core.search.indexing.BinaryIndexer::indexDocument (1168 bytes)
Event: 123.851 Thread 0x000002876fce9920 10766       3       org.eclipse.jdt.internal.compiler.classfmt.ClassFileReader::getInnerSourceName (17 bytes)
Event: 123.851 Thread 0x000002876fce9920 nmethod 10766 0x000002870141bc10 code [0x000002870141bdc0, 0x000002870141bf70]
Event: 123.866 Thread 0x000002876fce4980 10767       4       org.eclipse.jdt.core.Signature::checkNextChar (42 bytes)
Event: 123.867 Thread 0x000002876fce4980 nmethod 10767 0x0000028708470e90 code [0x0000028708471040, 0x0000028708471238]
Event: 123.876 Thread 0x000002876fce4980 10768       4       org.eclipse.jdt.internal.compiler.util.SimpleLookupTable::get (59 bytes)
Event: 123.881 Thread 0x000002876fce4980 nmethod 10768 0x0000028708471410 code [0x0000028708471600, 0x0000028708471b60]
Event: 123.881 Thread 0x000002876fce4980 10769       4       org.eclipse.jdt.internal.compiler.classfmt.ClassFileReader::isNestedType (11 bytes)
Event: 123.881 Thread 0x000002876fce4980 nmethod 10769 0x0000028708471e90 code [0x0000028708472020, 0x00000287084720b0]
Event: 123.899 Thread 0x000002876fce9920 10770       3       org.eclipse.jdt.internal.compiler.classfmt.FieldInfo::decodeAnnotations (185 bytes)
Event: 123.900 Thread 0x000002876fce9920 nmethod 10770 0x000002870141c090 code [0x000002870141c2a0, 0x000002870141cd88]

GC Heap History (20 events):
Event: 123.794 GC heap before
{Heap before GC invocations=379 (full 3):
 PSYoungGen      total 3584K, used 3298K [0x00000000d5580000, 0x00000000d5a00000, 0x0000000100000000)
  eden space 2560K, 100% used [0x00000000d5580000,0x00000000d5800000,0x00000000d5800000)
  from space 1024K, 72% used [0x00000000d5800000,0x00000000d58b8830,0x00000000d5900000)
  to   space 1024K, 0% used [0x00000000d5900000,0x00000000d5900000,0x00000000d5a00000)
 ParOldGen       total 173568K, used 173249K [0x0000000080000000, 0x000000008a980000, 0x00000000d5580000)
  object space 173568K, 99% used [0x0000000080000000,0x000000008a930428,0x000000008a980000)
 Metaspace       used 72517K, committed 74112K, reserved 1114112K
  class space    used 8981K, committed 9664K, reserved 1048576K
}
Event: 123.795 GC heap after
{Heap after GC invocations=379 (full 3):
 PSYoungGen      total 3584K, used 742K [0x00000000d5580000, 0x00000000d5a00000, 0x0000000100000000)
  eden space 2560K, 0% used [0x00000000d5580000,0x00000000d5580000,0x00000000d5800000)
  from space 1024K, 72% used [0x00000000d5900000,0x00000000d59b99a0,0x00000000d5a00000)
  to   space 1024K, 0% used [0x00000000d5800000,0x00000000d5800000,0x00000000d5900000)
 ParOldGen       total 174080K, used 173839K [0x0000000080000000, 0x000000008aa00000, 0x00000000d5580000)
  object space 174080K, 99% used [0x0000000080000000,0x000000008a9c3f80,0x000000008aa00000)
 Metaspace       used 72517K, committed 74112K, reserved 1114112K
  class space    used 8981K, committed 9664K, reserved 1048576K
}
Event: 123.805 GC heap before
{Heap before GC invocations=380 (full 3):
 PSYoungGen      total 3584K, used 3302K [0x00000000d5580000, 0x00000000d5a00000, 0x0000000100000000)
  eden space 2560K, 100% used [0x00000000d5580000,0x00000000d5800000,0x00000000d5800000)
  from space 1024K, 72% used [0x00000000d5900000,0x00000000d59b99a0,0x00000000d5a00000)
  to   space 1024K, 0% used [0x00000000d5800000,0x00000000d5800000,0x00000000d5900000)
 ParOldGen       total 174080K, used 173839K [0x0000000080000000, 0x000000008aa00000, 0x00000000d5580000)
  object space 174080K, 99% used [0x0000000080000000,0x000000008a9c3f80,0x000000008aa00000)
 Metaspace       used 72517K, committed 74112K, reserved 1114112K
  class space    used 8981K, committed 9664K, reserved 1048576K
}
Event: 123.806 GC heap after
{Heap after GC invocations=380 (full 3):
 PSYoungGen      total 3584K, used 736K [0x00000000d5580000, 0x00000000d5a00000, 0x0000000100000000)
  eden space 2560K, 0% used [0x00000000d5580000,0x00000000d5580000,0x00000000d5800000)
  from space 1024K, 71% used [0x00000000d5800000,0x00000000d58b8000,0x00000000d5900000)
  to   space 1024K, 0% used [0x00000000d5900000,0x00000000d5900000,0x00000000d5a00000)
 ParOldGen       total 174592K, used 174417K [0x0000000080000000, 0x000000008aa80000, 0x00000000d5580000)
  object space 174592K, 99% used [0x0000000080000000,0x000000008aa547e8,0x000000008aa80000)
 Metaspace       used 72517K, committed 74112K, reserved 1114112K
  class space    used 8981K, committed 9664K, reserved 1048576K
}
Event: 123.815 GC heap before
{Heap before GC invocations=381 (full 3):
 PSYoungGen      total 3584K, used 3296K [0x00000000d5580000, 0x00000000d5a00000, 0x0000000100000000)
  eden space 2560K, 100% used [0x00000000d5580000,0x00000000d5800000,0x00000000d5800000)
  from space 1024K, 71% used [0x00000000d5800000,0x00000000d58b8000,0x00000000d5900000)
  to   space 1024K, 0% used [0x00000000d5900000,0x00000000d5900000,0x00000000d5a00000)
 ParOldGen       total 174592K, used 174417K [0x0000000080000000, 0x000000008aa80000, 0x00000000d5580000)
  object space 174592K, 99% used [0x0000000080000000,0x000000008aa547e8,0x000000008aa80000)
 Metaspace       used 72517K, committed 74112K, reserved 1114112K
  class space    used 8981K, committed 9664K, reserved 1048576K
}
Event: 123.817 GC heap after
{Heap after GC invocations=381 (full 3):
 PSYoungGen      total 3584K, used 765K [0x00000000d5580000, 0x00000000d5a00000, 0x0000000100000000)
  eden space 2560K, 0% used [0x00000000d5580000,0x00000000d5580000,0x00000000d5800000)
  from space 1024K, 74% used [0x00000000d5900000,0x00000000d59bf5c0,0x00000000d5a00000)
  to   space 1024K, 0% used [0x00000000d5800000,0x00000000d5800000,0x00000000d5900000)
 ParOldGen       total 175104K, used 174990K [0x0000000080000000, 0x000000008ab00000, 0x00000000d5580000)
  object space 175104K, 99% used [0x0000000080000000,0x000000008aae38f8,0x000000008ab00000)
 Metaspace       used 72517K, committed 74112K, reserved 1114112K
  class space    used 8981K, committed 9664K, reserved 1048576K
}
Event: 123.827 GC heap before
{Heap before GC invocations=382 (full 3):
 PSYoungGen      total 3584K, used 3325K [0x00000000d5580000, 0x00000000d5a00000, 0x0000000100000000)
  eden space 2560K, 100% used [0x00000000d5580000,0x00000000d5800000,0x00000000d5800000)
  from space 1024K, 74% used [0x00000000d5900000,0x00000000d59bf5c0,0x00000000d5a00000)
  to   space 1024K, 0% used [0x00000000d5800000,0x00000000d5800000,0x00000000d5900000)
 ParOldGen       total 175104K, used 174990K [0x0000000080000000, 0x000000008ab00000, 0x00000000d5580000)
  object space 175104K, 99% used [0x0000000080000000,0x000000008aae38f8,0x000000008ab00000)
 Metaspace       used 72517K, committed 74112K, reserved 1114112K
  class space    used 8981K, committed 9664K, reserved 1048576K
}
Event: 123.828 GC heap after
{Heap after GC invocations=382 (full 3):
 PSYoungGen      total 3584K, used 691K [0x00000000d5580000, 0x00000000d5a00000, 0x0000000100000000)
  eden space 2560K, 0% used [0x00000000d5580000,0x00000000d5580000,0x00000000d5800000)
  from space 1024K, 67% used [0x00000000d5800000,0x00000000d58ace60,0x00000000d5900000)
  to   space 1024K, 0% used [0x00000000d5900000,0x00000000d5900000,0x00000000d5a00000)
 ParOldGen       total 175616K, used 175609K [0x0000000080000000, 0x000000008ab80000, 0x00000000d5580000)
  object space 175616K, 99% used [0x0000000080000000,0x000000008ab7e530,0x000000008ab80000)
 Metaspace       used 72517K, committed 74112K, reserved 1114112K
  class space    used 8981K, committed 9664K, reserved 1048576K
}
Event: 123.841 GC heap before
{Heap before GC invocations=383 (full 3):
 PSYoungGen      total 3584K, used 3251K [0x00000000d5580000, 0x00000000d5a00000, 0x0000000100000000)
  eden space 2560K, 100% used [0x00000000d5580000,0x00000000d5800000,0x00000000d5800000)
  from space 1024K, 67% used [0x00000000d5800000,0x00000000d58ace60,0x00000000d5900000)
  to   space 1024K, 0% used [0x00000000d5900000,0x00000000d5900000,0x00000000d5a00000)
 ParOldGen       total 175616K, used 175609K [0x0000000080000000, 0x000000008ab80000, 0x00000000d5580000)
  object space 175616K, 99% used [0x0000000080000000,0x000000008ab7e530,0x000000008ab80000)
 Metaspace       used 72517K, committed 74112K, reserved 1114112K
  class space    used 8981K, committed 9664K, reserved 1048576K
}
Event: 123.842 GC heap after
{Heap after GC invocations=383 (full 3):
 PSYoungGen      total 3584K, used 816K [0x00000000d5580000, 0x00000000d5a00000, 0x0000000100000000)
  eden space 2560K, 0% used [0x00000000d5580000,0x00000000d5580000,0x00000000d5800000)
  from space 1024K, 79% used [0x00000000d5900000,0x00000000d59cc120,0x00000000d5a00000)
  to   space 1024K, 0% used [0x00000000d5800000,0x00000000d5800000,0x00000000d5900000)
 ParOldGen       total 176640K, used 176134K [0x0000000080000000, 0x000000008ac80000, 0x00000000d5580000)
  object space 176640K, 99% used [0x0000000080000000,0x000000008ac01800,0x000000008ac80000)
 Metaspace       used 72517K, committed 74112K, reserved 1114112K
  class space    used 8981K, committed 9664K, reserved 1048576K
}
Event: 123.853 GC heap before
{Heap before GC invocations=384 (full 3):
 PSYoungGen      total 3584K, used 3376K [0x00000000d5580000, 0x00000000d5a00000, 0x0000000100000000)
  eden space 2560K, 100% used [0x00000000d5580000,0x00000000d5800000,0x00000000d5800000)
  from space 1024K, 79% used [0x00000000d5900000,0x00000000d59cc120,0x00000000d5a00000)
  to   space 1024K, 0% used [0x00000000d5800000,0x00000000d5800000,0x00000000d5900000)
 ParOldGen       total 176640K, used 176134K [0x0000000080000000, 0x000000008ac80000, 0x00000000d5580000)
  object space 176640K, 99% used [0x0000000080000000,0x000000008ac01800,0x000000008ac80000)
 Metaspace       used 72517K, committed 74112K, reserved 1114112K
  class space    used 8981K, committed 9664K, reserved 1048576K
}
Event: 123.854 GC heap after
{Heap after GC invocations=384 (full 3):
 PSYoungGen      total 3584K, used 754K [0x00000000d5580000, 0x00000000d5a00000, 0x0000000100000000)
  eden space 2560K, 0% used [0x00000000d5580000,0x00000000d5580000,0x00000000d5800000)
  from space 1024K, 73% used [0x00000000d5800000,0x00000000d58bca10,0x00000000d5900000)
  to   space 1024K, 0% used [0x00000000d5900000,0x00000000d5900000,0x00000000d5a00000)
 ParOldGen       total 177152K, used 176723K [0x0000000080000000, 0x000000008ad00000, 0x00000000d5580000)
  object space 177152K, 99% used [0x0000000080000000,0x000000008ac94ce8,0x000000008ad00000)
 Metaspace       used 72517K, committed 74112K, reserved 1114112K
  class space    used 8981K, committed 9664K, reserved 1048576K
}
Event: 123.873 GC heap before
{Heap before GC invocations=385 (full 3):
 PSYoungGen      total 3584K, used 3314K [0x00000000d5580000, 0x00000000d5a00000, 0x0000000100000000)
  eden space 2560K, 100% used [0x00000000d5580000,0x00000000d5800000,0x00000000d5800000)
  from space 1024K, 73% used [0x00000000d5800000,0x00000000d58bca10,0x00000000d5900000)
  to   space 1024K, 0% used [0x00000000d5900000,0x00000000d5900000,0x00000000d5a00000)
 ParOldGen       total 177152K, used 176723K [0x0000000080000000, 0x000000008ad00000, 0x00000000d5580000)
  object space 177152K, 99% used [0x0000000080000000,0x000000008ac94ce8,0x000000008ad00000)
 Metaspace       used 72517K, committed 74112K, reserved 1114112K
  class space    used 8981K, committed 9664K, reserved 1048576K
}
Event: 123.874 GC heap after
{Heap after GC invocations=385 (full 3):
 PSYoungGen      total 3584K, used 668K [0x00000000d5580000, 0x00000000d5a00000, 0x0000000100000000)
  eden space 2560K, 0% used [0x00000000d5580000,0x00000000d5580000,0x00000000d5800000)
  from space 1024K, 65% used [0x00000000d5900000,0x00000000d59a7390,0x00000000d5a00000)
  to   space 1024K, 0% used [0x00000000d5800000,0x00000000d5800000,0x00000000d5900000)
 ParOldGen       total 177664K, used 177285K [0x0000000080000000, 0x000000008ad80000, 0x00000000d5580000)
  object space 177664K, 99% used [0x0000000080000000,0x000000008ad21568,0x000000008ad80000)
 Metaspace       used 72517K, committed 74112K, reserved 1114112K
  class space    used 8981K, committed 9664K, reserved 1048576K
}
Event: 123.885 GC heap before
{Heap before GC invocations=386 (full 3):
 PSYoungGen      total 3584K, used 3228K [0x00000000d5580000, 0x00000000d5a00000, 0x0000000100000000)
  eden space 2560K, 100% used [0x00000000d5580000,0x00000000d5800000,0x00000000d5800000)
  from space 1024K, 65% used [0x00000000d5900000,0x00000000d59a7390,0x00000000d5a00000)
  to   space 1024K, 0% used [0x00000000d5800000,0x00000000d5800000,0x00000000d5900000)
 ParOldGen       total 177664K, used 177285K [0x0000000080000000, 0x000000008ad80000, 0x00000000d5580000)
  object space 177664K, 99% used [0x0000000080000000,0x000000008ad21568,0x000000008ad80000)
 Metaspace       used 72517K, committed 74112K, reserved 1114112K
  class space    used 8981K, committed 9664K, reserved 1048576K
}
Event: 123.887 GC heap after
{Heap after GC invocations=386 (full 3):
 PSYoungGen      total 3584K, used 714K [0x00000000d5580000, 0x00000000d5a00000, 0x0000000100000000)
  eden space 2560K, 0% used [0x00000000d5580000,0x00000000d5580000,0x00000000d5800000)
  from space 1024K, 69% used [0x00000000d5800000,0x00000000d58b2888,0x00000000d5900000)
  to   space 1024K, 0% used [0x00000000d5900000,0x00000000d5900000,0x00000000d5a00000)
 ParOldGen       total 178176K, used 177804K [0x0000000080000000, 0x000000008ae00000, 0x00000000d5580000)
  object space 178176K, 99% used [0x0000000080000000,0x000000008ada33a0,0x000000008ae00000)
 Metaspace       used 72517K, committed 74112K, reserved 1114112K
  class space    used 8981K, committed 9664K, reserved 1048576K
}
Event: 123.895 GC heap before
{Heap before GC invocations=387 (full 3):
 PSYoungGen      total 3584K, used 3274K [0x00000000d5580000, 0x00000000d5a00000, 0x0000000100000000)
  eden space 2560K, 100% used [0x00000000d5580000,0x00000000d5800000,0x00000000d5800000)
  from space 1024K, 69% used [0x00000000d5800000,0x00000000d58b2888,0x00000000d5900000)
  to   space 1024K, 0% used [0x00000000d5900000,0x00000000d5900000,0x00000000d5a00000)
 ParOldGen       total 178176K, used 177804K [0x0000000080000000, 0x000000008ae00000, 0x00000000d5580000)
  object space 178176K, 99% used [0x0000000080000000,0x000000008ada33a0,0x000000008ae00000)
 Metaspace       used 72517K, committed 74112K, reserved 1114112K
  class space    used 8981K, committed 9664K, reserved 1048576K
}
Event: 123.897 GC heap after
{Heap after GC invocations=387 (full 3):
 PSYoungGen      total 3584K, used 735K [0x00000000d5580000, 0x00000000d5a00000, 0x0000000100000000)
  eden space 2560K, 0% used [0x00000000d5580000,0x00000000d5580000,0x00000000d5800000)
  from space 1024K, 71% used [0x00000000d5900000,0x00000000d59b7ed0,0x00000000d5a00000)
  to   space 1024K, 0% used [0x00000000d5800000,0x00000000d5800000,0x00000000d5900000)
 ParOldGen       total 178688K, used 178368K [0x0000000080000000, 0x000000008ae80000, 0x00000000d5580000)
  object space 178688K, 99% used [0x0000000080000000,0x000000008ae303b8,0x000000008ae80000)
 Metaspace       used 72517K, committed 74112K, reserved 1114112K
  class space    used 8981K, committed 9664K, reserved 1048576K
}
Event: 123.906 GC heap before
{Heap before GC invocations=388 (full 3):
 PSYoungGen      total 3584K, used 3295K [0x00000000d5580000, 0x00000000d5a00000, 0x0000000100000000)
  eden space 2560K, 100% used [0x00000000d5580000,0x00000000d5800000,0x00000000d5800000)
  from space 1024K, 71% used [0x00000000d5900000,0x00000000d59b7ed0,0x00000000d5a00000)
  to   space 1024K, 0% used [0x00000000d5800000,0x00000000d5800000,0x00000000d5900000)
 ParOldGen       total 178688K, used 178368K [0x0000000080000000, 0x000000008ae80000, 0x00000000d5580000)
  object space 178688K, 99% used [0x0000000080000000,0x000000008ae303b8,0x000000008ae80000)
 Metaspace       used 72517K, committed 74112K, reserved 1114112K
  class space    used 8981K, committed 9664K, reserved 1048576K
}
Event: 123.908 GC heap after
{Heap after GC invocations=388 (full 3):
 PSYoungGen      total 3584K, used 680K [0x00000000d5580000, 0x00000000d5a00000, 0x0000000100000000)
  eden space 2560K, 0% used [0x00000000d5580000,0x00000000d5580000,0x00000000d5800000)
  from space 1024K, 66% used [0x00000000d5800000,0x00000000d58aa0f0,0x00000000d5900000)
  to   space 1024K, 0% used [0x00000000d5900000,0x00000000d5900000,0x00000000d5a00000)
 ParOldGen       total 179200K, used 178963K [0x0000000080000000, 0x000000008af00000, 0x00000000d5580000)
  object space 179200K, 99% used [0x0000000080000000,0x000000008aec4da8,0x000000008af00000)
 Metaspace       used 72517K, committed 74112K, reserved 1114112K
  class space    used 8981K, committed 9664K, reserved 1048576K
}

Dll operation events (15 events):
Event: 0.011 Loaded shared library c:\Users\tecno\.cursor\extensions\redhat.java-1.44.0-win32-x64\jre\21.0.8-win32-x86_64\bin\java.dll
Event: 0.094 Loaded shared library c:\Users\tecno\.cursor\extensions\redhat.java-1.44.0-win32-x64\jre\21.0.8-win32-x86_64\bin\zip.dll
Event: 0.118 Loaded shared library C:\Users\tecno\.cursor\extensions\redhat.java-1.44.0-win32-x64\jre\21.0.8-win32-x86_64\bin\instrument.dll
Event: 0.124 Loaded shared library C:\Users\tecno\.cursor\extensions\redhat.java-1.44.0-win32-x64\jre\21.0.8-win32-x86_64\bin\net.dll
Event: 0.128 Loaded shared library C:\Users\tecno\.cursor\extensions\redhat.java-1.44.0-win32-x64\jre\21.0.8-win32-x86_64\bin\nio.dll
Event: 0.134 Loaded shared library C:\Users\tecno\.cursor\extensions\redhat.java-1.44.0-win32-x64\jre\21.0.8-win32-x86_64\bin\zip.dll
Event: 0.155 Loaded shared library C:\Users\tecno\.cursor\extensions\redhat.java-1.44.0-win32-x64\jre\21.0.8-win32-x86_64\bin\jimage.dll
Event: 0.265 Loaded shared library c:\Users\tecno\.cursor\extensions\redhat.java-1.44.0-win32-x64\jre\21.0.8-win32-x86_64\bin\verify.dll
Event: 5.783 Loaded shared library C:\Users\tecno\AppData\Roaming\Cursor\User\globalStorage\redhat.java\1.44.0\config_win\org.eclipse.equinox.launcher\org.eclipse.equinox.launcher.win32.win32.x86_64_1.2.1400.v20250730-1736\eclipse_11913.dll
Event: 16.800 Loaded shared library C:\Users\tecno\.cursor\extensions\redhat.java-1.44.0-win32-x64\jre\21.0.8-win32-x86_64\bin\management.dll
Event: 16.805 Loaded shared library C:\Users\tecno\.cursor\extensions\redhat.java-1.44.0-win32-x64\jre\21.0.8-win32-x86_64\bin\management_ext.dll
Event: 18.314 Loaded shared library C:\Users\tecno\AppData\Local\Temp\jna--273298663\jna855788748587408611.dll
Event: 18.811 Loaded shared library C:\Users\tecno\.cursor\extensions\redhat.java-1.44.0-win32-x64\jre\21.0.8-win32-x86_64\bin\sunmscapi.dll
Event: 18.909 Loaded shared library C:\Users\tecno\.cursor\extensions\redhat.java-1.44.0-win32-x64\jre\21.0.8-win32-x86_64\bin\extnet.dll
Event: 22.192 Loaded shared library C:\Users\tecno\.gradle\native\1def1411415f61bf3af743bc5b6707747c0891f09f0c88961ee8f79bc544acac\windows-amd64\native-platform.dll

Deoptimization events (20 events):
Event: 123.538 Thread 0x0000028751e8bf70 Uncommon trap: trap_request=0xffffffc6 fr.pc=0x00000287082148bc relative=0x000000000000069c
Event: 123.538 Thread 0x0000028751e8bf70 Uncommon trap: reason=bimorphic_or_optimized_type_check action=maybe_recompile pc=0x00000287082148bc method=org.eclipse.core.internal.dtree.DeltaDataTree.searchNodeAt(Lorg/eclipse/core/runtime/IPath;)Lorg/eclipse/core/internal/dtree/AbstractDataTreeNode; 
Event: 123.538 Thread 0x0000028751e8bf70 DEOPT PACKING pc=0x00000287082148bc sp=0x000000fcc08fd4e0
Event: 123.538 Thread 0x0000028751e8bf70 DEOPT UNPACKING pc=0x0000028707583aa2 sp=0x000000fcc08fd350 mode 2
Event: 123.547 Thread 0x0000028751e8bf70 Uncommon trap: trap_request=0xffffffbe fr.pc=0x0000028708442a90 relative=0x0000000000001530
Event: 123.547 Thread 0x0000028751e8bf70 Uncommon trap: reason=profile_predicate action=maybe_recompile pc=0x0000028708442a90 method=java.util.TimSort.reverseRange([Ljava/lang/Object;II)V @ 5 c2
Event: 123.547 Thread 0x0000028751e8bf70 DEOPT PACKING pc=0x0000028708442a90 sp=0x000000fcc08fd7d0
Event: 123.547 Thread 0x0000028751e8bf70 DEOPT UNPACKING pc=0x0000028707583aa2 sp=0x000000fcc08fd690 mode 2
Event: 123.563 Thread 0x0000028751e8bf70 Uncommon trap: trap_request=0xffffffbe fr.pc=0x0000028708442a90 relative=0x0000000000001530
Event: 123.563 Thread 0x0000028751e8bf70 Uncommon trap: reason=profile_predicate action=maybe_recompile pc=0x0000028708442a90 method=java.util.TimSort.reverseRange([Ljava/lang/Object;II)V @ 5 c2
Event: 123.563 Thread 0x0000028751e8bf70 DEOPT PACKING pc=0x0000028708442a90 sp=0x000000fcc08fd700
Event: 123.563 Thread 0x0000028751e8bf70 DEOPT UNPACKING pc=0x0000028707583aa2 sp=0x000000fcc08fd5c0 mode 2
Event: 123.563 Thread 0x0000028751e8bf70 Uncommon trap: trap_request=0xffffffbe fr.pc=0x0000028708442a90 relative=0x0000000000001530
Event: 123.563 Thread 0x0000028751e8bf70 Uncommon trap: reason=profile_predicate action=maybe_recompile pc=0x0000028708442a90 method=java.util.TimSort.reverseRange([Ljava/lang/Object;II)V @ 5 c2
Event: 123.563 Thread 0x0000028751e8bf70 DEOPT PACKING pc=0x0000028708442a90 sp=0x000000fcc08fd700
Event: 123.563 Thread 0x0000028751e8bf70 DEOPT UNPACKING pc=0x0000028707583aa2 sp=0x000000fcc08fd5c0 mode 2
Event: 123.796 Thread 0x000002877e183470 Uncommon trap: trap_request=0xffffff5c fr.pc=0x0000028708466c28 relative=0x0000000000008a68
Event: 123.796 Thread 0x000002877e183470 Uncommon trap: reason=speculate_null_check action=make_not_entrant pc=0x0000028708466c28 method=org.eclipse.jdt.internal.core.search.indexing.BinaryIndexer.indexDocument()V @ 542 c2
Event: 123.796 Thread 0x000002877e183470 DEOPT PACKING pc=0x0000028708466c28 sp=0x000000fcbf2feef0
Event: 123.796 Thread 0x000002877e183470 DEOPT UNPACKING pc=0x0000028707583aa2 sp=0x000000fcbf2fee60 mode 2

Classes loaded (20 events):
Event: 119.380 Loading class sun/nio/ch/FileChannelImpl$Unmapper done
Event: 119.380 Loading class sun/nio/ch/FileChannelImpl$DefaultUnmapper done
Event: 119.380 Loading class sun/nio/ch/Util$4
Event: 119.381 Loading class sun/nio/ch/Util$4 done
Event: 119.392 Loading class java/nio/file/ClosedDirectoryStreamException
Event: 119.392 Loading class java/nio/file/ClosedDirectoryStreamException done
Event: 119.392 Loading class jdk/internal/jrtfs/JrtFileSystem
Event: 119.393 Loading class jdk/internal/jrtfs/JrtFileSystem done
Event: 119.393 Loading class jdk/internal/jrtfs/JrtPath
Event: 119.393 Loading class jdk/internal/jrtfs/JrtPath done
Event: 119.393 Loading class jdk/internal/jimage/ImageReader$Node
Event: 119.394 Loading class jdk/internal/jimage/ImageReader$Node done
Event: 119.405 Loading class java/nio/ByteBufferAsIntBufferL
Event: 119.407 Loading class java/nio/ByteBufferAsIntBufferL done
Event: 119.414 Loading class jdk/internal/jimage/ImageReader$Directory
Event: 119.415 Loading class jdk/internal/jimage/ImageReader$Directory done
Event: 119.712 Loading class java/nio/channels/Channels$ReadableByteChannelImpl
Event: 119.713 Loading class java/nio/channels/Channels$ReadableByteChannelImpl done
Event: 119.714 Loading class java/nio/channels/NonWritableChannelException
Event: 119.714 Loading class java/nio/channels/NonWritableChannelException done

Classes unloaded (7 events):
Event: 17.624 Thread 0x000002876fcce910 Unloading class 0x00000287101a4800 'java/lang/invoke/LambdaForm$MH+0x00000287101a4800'
Event: 17.624 Thread 0x000002876fcce910 Unloading class 0x00000287101a4400 'java/lang/invoke/LambdaForm$MH+0x00000287101a4400'
Event: 17.624 Thread 0x000002876fcce910 Unloading class 0x00000287101a4000 'java/lang/invoke/LambdaForm$MH+0x00000287101a4000'
Event: 17.624 Thread 0x000002876fcce910 Unloading class 0x00000287101a3c00 'java/lang/invoke/LambdaForm$MH+0x00000287101a3c00'
Event: 17.624 Thread 0x000002876fcce910 Unloading class 0x00000287101a3800 'java/lang/invoke/LambdaForm$BMH+0x00000287101a3800'
Event: 17.624 Thread 0x000002876fcce910 Unloading class 0x00000287101a3400 'java/lang/invoke/LambdaForm$DMH+0x00000287101a3400'
Event: 17.624 Thread 0x000002876fcce910 Unloading class 0x00000287101a2000 'java/lang/invoke/LambdaForm$DMH+0x00000287101a2000'

Classes redefined (0 events):
No events

Internal exceptions (20 events):
Event: 123.393 Thread 0x0000028751e8bf70 Exception <a 'sun/nio/fs/WindowsException'{0x00000000d5642d90}> (0x00000000d5642d90) 
thrown [s\src\hotspot\share\prims\jni.cpp, line 520]
Event: 123.393 Thread 0x0000028751e8bf70 Exception <a 'sun/nio/fs/WindowsException'{0x00000000d5643608}> (0x00000000d5643608) 
thrown [s\src\hotspot\share\prims\jni.cpp, line 520]
Event: 123.397 Thread 0x0000028751e8bf70 Exception <a 'sun/nio/fs/WindowsException'{0x00000000d55b5ce0}> (0x00000000d55b5ce0) 
thrown [s\src\hotspot\share\prims\jni.cpp, line 520]
Event: 123.398 Thread 0x0000028751e8bf70 Exception <a 'sun/nio/fs/WindowsException'{0x00000000d55beff0}> (0x00000000d55beff0) 
thrown [s\src\hotspot\share\prims\jni.cpp, line 520]
Event: 123.466 Thread 0x0000028751e8bf70 Exception <a 'sun/nio/fs/WindowsException'{0x00000000d55826f8}> (0x00000000d55826f8) 
thrown [s\src\hotspot\share\prims\jni.cpp, line 520]
Event: 123.500 Thread 0x0000028751e8bf70 Exception <a 'sun/nio/fs/WindowsException'{0x00000000d569f170}> (0x00000000d569f170) 
thrown [s\src\hotspot\share\prims\jni.cpp, line 520]
Event: 123.534 Thread 0x0000028751e8bf70 Exception <a 'sun/nio/fs/WindowsException'{0x00000000d56f3ad0}> (0x00000000d56f3ad0) 
thrown [s\src\hotspot\share\prims\jni.cpp, line 520]
Event: 123.537 Thread 0x0000028751e8bf70 Exception <a 'sun/nio/fs/WindowsException'{0x00000000d558da88}> (0x00000000d558da88) 
thrown [s\src\hotspot\share\prims\jni.cpp, line 520]
Event: 123.555 Thread 0x0000028751e8bf70 Exception <a 'sun/nio/fs/WindowsException'{0x00000000d56c1438}> (0x00000000d56c1438) 
thrown [s\src\hotspot\share\prims\jni.cpp, line 520]
Event: 123.555 Thread 0x0000028751e8bf70 Exception <a 'sun/nio/fs/WindowsException'{0x00000000d56c9fe0}> (0x00000000d56c9fe0) 
thrown [s\src\hotspot\share\prims\jni.cpp, line 520]
Event: 123.560 Thread 0x0000028751e8bf70 Exception <a 'sun/nio/fs/WindowsException'{0x00000000d563ae20}> (0x00000000d563ae20) 
thrown [s\src\hotspot\share\prims\jni.cpp, line 520]
Event: 123.560 Thread 0x0000028751e8bf70 Exception <a 'sun/nio/fs/WindowsException'{0x00000000d5667688}> (0x00000000d5667688) 
thrown [s\src\hotspot\share\prims\jni.cpp, line 520]
Event: 123.567 Thread 0x0000028751e8bf70 Exception <a 'sun/nio/fs/WindowsException'{0x00000000d5659320}> (0x00000000d5659320) 
thrown [s\src\hotspot\share\prims\jni.cpp, line 520]
Event: 123.567 Thread 0x0000028751e8bf70 Exception <a 'sun/nio/fs/WindowsException'{0x00000000d566f540}> (0x00000000d566f540) 
thrown [s\src\hotspot\share\prims\jni.cpp, line 520]
Event: 123.573 Thread 0x0000028751e8bf70 Exception <a 'java/io/FileNotFoundException'{0x00000000d55fc940}> (0x00000000d55fc940) 
thrown [s\src\hotspot\share\prims\jni.cpp, line 520]
Event: 123.575 Thread 0x0000028751e8bf70 Exception <a 'sun/nio/fs/WindowsException'{0x00000000d5634678}> (0x00000000d5634678) 
thrown [s\src\hotspot\share\prims\jni.cpp, line 520]
Event: 123.583 Thread 0x0000028751e8bf70 Exception <a 'sun/nio/fs/WindowsException'{0x00000000d55a2af0}> (0x00000000d55a2af0) 
thrown [s\src\hotspot\share\prims\jni.cpp, line 520]
Event: 123.585 Thread 0x0000028751e8bf70 Exception <a 'sun/nio/fs/WindowsException'{0x00000000d5616ff0}> (0x00000000d5616ff0) 
thrown [s\src\hotspot\share\prims\jni.cpp, line 520]
Event: 123.586 Thread 0x0000028751e8bf70 Exception <a 'sun/nio/fs/WindowsException'{0x00000000d56dbd28}> (0x00000000d56dbd28) 
thrown [s\src\hotspot\share\prims\jni.cpp, line 520]
Event: 123.796 Thread 0x000002877e183470 Implicit null exception at 0x00000287084607f2 to 0x0000028708466bfc

ZGC Phase Switch (0 events):
No events

VM Operations (20 events):
Event: 123.794 Executing VM operation: ParallelGCFailedAllocation (Allocation Failure)
Event: 123.796 Executing VM operation: ParallelGCFailedAllocation (Allocation Failure) done
Event: 123.805 Executing VM operation: ParallelGCFailedAllocation (Allocation Failure)
Event: 123.806 Executing VM operation: ParallelGCFailedAllocation (Allocation Failure) done
Event: 123.815 Executing VM operation: ParallelGCFailedAllocation (Allocation Failure)
Event: 123.817 Executing VM operation: ParallelGCFailedAllocation (Allocation Failure) done
Event: 123.826 Executing VM operation: ParallelGCFailedAllocation (Allocation Failure)
Event: 123.828 Executing VM operation: ParallelGCFailedAllocation (Allocation Failure) done
Event: 123.841 Executing VM operation: ParallelGCFailedAllocation (Allocation Failure)
Event: 123.842 Executing VM operation: ParallelGCFailedAllocation (Allocation Failure) done
Event: 123.853 Executing VM operation: ParallelGCFailedAllocation (Allocation Failure)
Event: 123.854 Executing VM operation: ParallelGCFailedAllocation (Allocation Failure) done
Event: 123.872 Executing VM operation: ParallelGCFailedAllocation (Allocation Failure)
Event: 123.874 Executing VM operation: ParallelGCFailedAllocation (Allocation Failure) done
Event: 123.885 Executing VM operation: ParallelGCFailedAllocation (Allocation Failure)
Event: 123.887 Executing VM operation: ParallelGCFailedAllocation (Allocation Failure) done
Event: 123.895 Executing VM operation: ParallelGCFailedAllocation (Allocation Failure)
Event: 123.897 Executing VM operation: ParallelGCFailedAllocation (Allocation Failure) done
Event: 123.906 Executing VM operation: ParallelGCFailedAllocation (Allocation Failure)
Event: 123.908 Executing VM operation: ParallelGCFailedAllocation (Allocation Failure) done

Memory protections (0 events):
No events

Nmethod flushes (20 events):
Event: 24.611 Thread 0x000002876fcce910 flushing  nmethod 0x000002870084da10
Event: 24.611 Thread 0x000002876fcce910 flushing  nmethod 0x0000028700859490
Event: 24.611 Thread 0x000002876fcce910 flushing  nmethod 0x0000028700861c10
Event: 24.611 Thread 0x000002876fcce910 flushing  nmethod 0x0000028700862210
Event: 24.611 Thread 0x000002876fcce910 flushing  nmethod 0x0000028700867e90
Event: 24.611 Thread 0x000002876fcce910 flushing  nmethod 0x0000028700887e10
Event: 24.611 Thread 0x000002876fcce910 flushing  nmethod 0x000002870088b610
Event: 24.611 Thread 0x000002876fcce910 flushing  nmethod 0x000002870088cf10
Event: 24.611 Thread 0x000002876fcce910 flushing  nmethod 0x000002870088d510
Event: 24.611 Thread 0x000002876fcce910 flushing  nmethod 0x000002870088dd90
Event: 24.611 Thread 0x000002876fcce910 flushing  nmethod 0x000002870088e490
Event: 24.611 Thread 0x000002876fcce910 flushing  nmethod 0x0000028700890290
Event: 24.611 Thread 0x000002876fcce910 flushing  nmethod 0x00000287008a7a90
Event: 24.611 Thread 0x000002876fcce910 flushing  nmethod 0x00000287008a8090
Event: 24.611 Thread 0x000002876fcce910 flushing  nmethod 0x00000287008c5190
Event: 24.611 Thread 0x000002876fcce910 flushing  nmethod 0x00000287008cb010
Event: 24.611 Thread 0x000002876fcce910 flushing  nmethod 0x0000028700917810
Event: 24.611 Thread 0x000002876fcce910 flushing  nmethod 0x0000028700941010
Event: 24.611 Thread 0x000002876fcce910 flushing  nmethod 0x000002870094df10
Event: 24.611 Thread 0x000002876fcce910 flushing  nmethod 0x0000028700970b10

Events (20 events):
Event: 115.690 Thread 0x0000028751e8bf70 Thread added: 0x000002875192eb50
Event: 115.691 Thread 0x0000028751e8bf70 Thread added: 0x000002875192ca80
Event: 115.709 Thread 0x000002876fce9920 Thread added: 0x000002877eb87de0
Event: 115.721 Thread 0x000002875192ca80 Thread exited: 0x000002875192ca80
Event: 116.204 Thread 0x000002876fce4980 Thread added: 0x000002877eb862a0
Event: 116.448 Thread 0x000002877eb862a0 Thread exited: 0x000002877eb862a0
Event: 116.514 Thread 0x000002876fce9920 Thread added: 0x000002877eb862a0
Event: 118.051 Thread 0x000002877eb862a0 Thread exited: 0x000002877eb862a0
Event: 118.058 Thread 0x000002877eb87de0 Thread exited: 0x000002877eb87de0
Event: 118.741 Thread 0x000002876fce9920 Thread added: 0x000002877eb86970
Event: 118.755 Thread 0x000002877e1820c0 Thread added: 0x000002875192d110
Event: 118.763 Thread 0x000002876fce9920 Thread added: 0x000002877eb87710
Event: 119.245 Thread 0x000002877eb87710 Thread exited: 0x000002877eb87710
Event: 119.245 Thread 0x000002877eb86970 Thread exited: 0x000002877eb86970
Event: 119.425 Thread 0x000002876fce9920 Thread added: 0x000002877eb86970
Event: 119.462 Thread 0x000002876fce9920 Thread added: 0x000002877eb862a0
Event: 119.618 Thread 0x000002877eb862a0 Thread exited: 0x000002877eb862a0
Event: 119.811 Thread 0x000002876fce9920 Thread added: 0x000002877eb862a0
Event: 121.376 Thread 0x000002877e1820c0 Thread added: 0x000002875192bd60
Event: 123.322 Thread 0x000002877eb862a0 Thread exited: 0x000002877eb862a0


Dynamic libraries:
0x00007ff6422d0000 - 0x00007ff6422de000 	c:\Users\tecno\.cursor\extensions\redhat.java-1.44.0-win32-x64\jre\21.0.8-win32-x86_64\bin\java.exe
0x00007ffea4360000 - 0x00007ffea45c7000 	C:\WINDOWS\SYSTEM32\ntdll.dll
0x00007ffea38a0000 - 0x00007ffea3969000 	C:\WINDOWS\System32\KERNEL32.DLL
0x00007ffea1bb0000 - 0x00007ffea1fa0000 	C:\WINDOWS\System32\KERNELBASE.dll
0x00007ffea1750000 - 0x00007ffea189b000 	C:\WINDOWS\System32\ucrtbase.dll
0x00007ffe78f60000 - 0x00007ffe78f78000 	c:\Users\tecno\.cursor\extensions\redhat.java-1.44.0-win32-x64\jre\21.0.8-win32-x86_64\bin\jli.dll
0x00007ffe791b0000 - 0x00007ffe791ce000 	c:\Users\tecno\.cursor\extensions\redhat.java-1.44.0-win32-x64\jre\21.0.8-win32-x86_64\bin\VCRUNTIME140.dll
0x00007ffea3c90000 - 0x00007ffea3e55000 	C:\WINDOWS\System32\USER32.dll
0x00007ffea1940000 - 0x00007ffea1967000 	C:\WINDOWS\System32\win32u.dll
0x00007ffea2b90000 - 0x00007ffea2bbb000 	C:\WINDOWS\System32\GDI32.dll
0x00007ffea1fb0000 - 0x00007ffea20e8000 	C:\WINDOWS\System32\gdi32full.dll
0x00007ffea1520000 - 0x00007ffea15c3000 	C:\WINDOWS\System32\msvcp_win.dll
0x00007ffe8f9b0000 - 0x00007ffe8fc4a000 	C:\WINDOWS\WinSxS\amd64_microsoft.windows.common-controls_6595b64144ccf1df_6.0.26100.4768_none_3e0c112ce331287c\COMCTL32.dll
0x00007ffea2bc0000 - 0x00007ffea2c69000 	C:\WINDOWS\System32\msvcrt.dll
0x00007ffea40c0000 - 0x00007ffea40ef000 	C:\WINDOWS\System32\IMM32.DLL
0x00007ffe7f370000 - 0x00007ffe7f37c000 	c:\Users\tecno\.cursor\extensions\redhat.java-1.44.0-win32-x64\jre\21.0.8-win32-x86_64\bin\vcruntime140_1.dll
0x00007ffe78ed0000 - 0x00007ffe78f5d000 	c:\Users\tecno\.cursor\extensions\redhat.java-1.44.0-win32-x64\jre\21.0.8-win32-x86_64\bin\msvcp140.dll
0x00007ffdc73f0000 - 0x00007ffdc8187000 	c:\Users\tecno\.cursor\extensions\redhat.java-1.44.0-win32-x64\jre\21.0.8-win32-x86_64\bin\server\jvm.dll
0x00007ffea2c70000 - 0x00007ffea2d24000 	C:\WINDOWS\System32\ADVAPI32.dll
0x00007ffea20f0000 - 0x00007ffea2196000 	C:\WINDOWS\System32\sechost.dll
0x00007ffea29e0000 - 0x00007ffea2af8000 	C:\WINDOWS\System32\RPCRT4.dll
0x00007ffea4040000 - 0x00007ffea40b4000 	C:\WINDOWS\System32\WS2_32.dll
0x00007ffe9a5f0000 - 0x00007ffe9a5fb000 	C:\WINDOWS\SYSTEM32\VERSION.dll
0x00007ffe97d70000 - 0x00007ffe97da5000 	C:\WINDOWS\SYSTEM32\WINMM.dll
0x00007ffea12f0000 - 0x00007ffea134e000 	C:\WINDOWS\SYSTEM32\POWRPROF.dll
0x00007ffea12d0000 - 0x00007ffea12e4000 	C:\WINDOWS\SYSTEM32\UMPDC.dll
0x00007ffea01d0000 - 0x00007ffea01eb000 	C:\WINDOWS\SYSTEM32\kernel.appcore.dll
0x00007ffe7c230000 - 0x00007ffe7c23a000 	c:\Users\tecno\.cursor\extensions\redhat.java-1.44.0-win32-x64\jre\21.0.8-win32-x86_64\bin\jimage.dll
0x00007ffe986f0000 - 0x00007ffe98931000 	C:\WINDOWS\SYSTEM32\DBGHELP.DLL
0x00007ffea2650000 - 0x00007ffea29d5000 	C:\WINDOWS\System32\combase.dll
0x00007ffea3ba0000 - 0x00007ffea3c80000 	C:\WINDOWS\System32\OLEAUT32.dll
0x00007ffe83540000 - 0x00007ffe83583000 	C:\WINDOWS\SYSTEM32\dbgcore.DLL
0x00007ffea18a0000 - 0x00007ffea1939000 	C:\WINDOWS\System32\bcryptPrimitives.dll
0x00007ffe7c010000 - 0x00007ffe7c01f000 	c:\Users\tecno\.cursor\extensions\redhat.java-1.44.0-win32-x64\jre\21.0.8-win32-x86_64\bin\instrument.dll
0x00007ffe78eb0000 - 0x00007ffe78ecf000 	c:\Users\tecno\.cursor\extensions\redhat.java-1.44.0-win32-x64\jre\21.0.8-win32-x86_64\bin\java.dll
0x00007ffea2da0000 - 0x00007ffea34ed000 	C:\WINDOWS\System32\SHELL32.dll
0x00007ffea15d0000 - 0x00007ffea1743000 	C:\WINDOWS\System32\wintypes.dll
0x00007ffe9f050000 - 0x00007ffe9f8b0000 	C:\WINDOWS\SYSTEM32\windows.storage.dll
0x00007ffea3aa0000 - 0x00007ffea3b95000 	C:\WINDOWS\System32\SHCORE.dll
0x00007ffea2d30000 - 0x00007ffea2d9a000 	C:\WINDOWS\System32\shlwapi.dll
0x00007ffea13b0000 - 0x00007ffea13d9000 	C:\WINDOWS\SYSTEM32\profapi.dll
0x00007ffe78e90000 - 0x00007ffe78ea8000 	c:\Users\tecno\.cursor\extensions\redhat.java-1.44.0-win32-x64\jre\21.0.8-win32-x86_64\bin\zip.dll
0x00007ffe78c10000 - 0x00007ffe78c20000 	C:\Users\tecno\.cursor\extensions\redhat.java-1.44.0-win32-x64\jre\21.0.8-win32-x86_64\bin\net.dll
0x00007ffe9a300000 - 0x00007ffe9a41e000 	C:\WINDOWS\SYSTEM32\WINHTTP.dll
0x00007ffea0740000 - 0x00007ffea07ab000 	C:\WINDOWS\system32\mswsock.dll
0x00007ffe78980000 - 0x00007ffe78996000 	C:\Users\tecno\.cursor\extensions\redhat.java-1.44.0-win32-x64\jre\21.0.8-win32-x86_64\bin\nio.dll
0x00007ffe78c00000 - 0x00007ffe78c10000 	c:\Users\tecno\.cursor\extensions\redhat.java-1.44.0-win32-x64\jre\21.0.8-win32-x86_64\bin\verify.dll
0x00007ffe78900000 - 0x00007ffe78945000 	C:\Users\tecno\AppData\Roaming\Cursor\User\globalStorage\redhat.java\1.44.0\config_win\org.eclipse.equinox.launcher\org.eclipse.equinox.launcher.win32.win32.x86_64_1.2.1400.v20250730-1736\eclipse_11913.dll
0x00007ffea3e60000 - 0x00007ffea4000000 	C:\WINDOWS\System32\ole32.dll
0x00007ffe78640000 - 0x00007ffe7864a000 	C:\Users\tecno\.cursor\extensions\redhat.java-1.44.0-win32-x64\jre\21.0.8-win32-x86_64\bin\management.dll
0x00007ffe788a0000 - 0x00007ffe788ab000 	C:\Users\tecno\.cursor\extensions\redhat.java-1.44.0-win32-x64\jre\21.0.8-win32-x86_64\bin\management_ext.dll
0x00007ffea3a90000 - 0x00007ffea3a98000 	C:\WINDOWS\System32\PSAPI.DLL
0x00007ffea0b20000 - 0x00007ffea0b3b000 	C:\WINDOWS\SYSTEM32\CRYPTSP.dll
0x00007ffea0130000 - 0x00007ffea016b000 	C:\WINDOWS\system32\rsaenh.dll
0x00007ffea07e0000 - 0x00007ffea080b000 	C:\WINDOWS\SYSTEM32\USERENV.dll
0x00007ffea1380000 - 0x00007ffea13a6000 	C:\WINDOWS\SYSTEM32\bcrypt.dll
0x00007ffea0980000 - 0x00007ffea098c000 	C:\WINDOWS\SYSTEM32\CRYPTBASE.dll
0x00007ffe9fbc0000 - 0x00007ffe9fbf3000 	C:\WINDOWS\SYSTEM32\IPHLPAPI.DLL
0x00007ffea2b80000 - 0x00007ffea2b8a000 	C:\WINDOWS\System32\NSI.dll
0x00007ffe78850000 - 0x00007ffe78899000 	C:\Users\tecno\AppData\Local\Temp\jna--273298663\jna855788748587408611.dll
0x00007ffe9a600000 - 0x00007ffe9a61f000 	C:\WINDOWS\SYSTEM32\dhcpcsvc6.DLL
0x00007ffe9a090000 - 0x00007ffe9a0b5000 	C:\WINDOWS\SYSTEM32\dhcpcsvc.DLL
0x00007ffe78840000 - 0x00007ffe7884e000 	C:\Users\tecno\.cursor\extensions\redhat.java-1.44.0-win32-x64\jre\21.0.8-win32-x86_64\bin\sunmscapi.dll
0x00007ffea1a30000 - 0x00007ffea1ba7000 	C:\WINDOWS\System32\CRYPT32.dll
0x00007ffea0c80000 - 0x00007ffea0cb0000 	C:\WINDOWS\SYSTEM32\ncrypt.dll
0x00007ffea0c30000 - 0x00007ffea0c6f000 	C:\WINDOWS\SYSTEM32\NTASN1.dll
0x00007ffe9fc00000 - 0x00007ffe9fd26000 	C:\WINDOWS\SYSTEM32\DNSAPI.dll
0x00007ffe95180000 - 0x00007ffe9518b000 	C:\Windows\System32\rasadhlp.dll
0x00007ffe97e60000 - 0x00007ffe97ee6000 	C:\WINDOWS\System32\fwpuclnt.dll
0x00007ffe81eb0000 - 0x00007ffe81eb9000 	C:\Users\tecno\.cursor\extensions\redhat.java-1.44.0-win32-x64\jre\21.0.8-win32-x86_64\bin\extnet.dll
0x00007ffe78810000 - 0x00007ffe78837000 	C:\Users\tecno\.gradle\native\1def1411415f61bf3af743bc5b6707747c0891f09f0c88961ee8f79bc544acac\windows-amd64\native-platform.dll
0x00007ffe4e280000 - 0x00007ffe4e288000 	C:\WINDOWS\system32\wshunix.dll

JVMTI agents:
c:\Users\tecno\.cursor\extensions\redhat.java-1.44.0-win32-x64\lombok\lombok-1.18.39-4050.jar path:c:\Users\tecno\.cursor\extensions\redhat.java-1.44.0-win32-x64\jre\21.0.8-win32-x86_64\bin\instrument.dll, loaded, initialized, instrumentlib options:none

dbghelp: loaded successfully - version: 4.0.5 - missing functions: none
symbol engine: initialized successfully - sym options: 0x614 - pdb path: .;c:\Users\tecno\.cursor\extensions\redhat.java-1.44.0-win32-x64\jre\21.0.8-win32-x86_64\bin;C:\WINDOWS\SYSTEM32;C:\WINDOWS\WinSxS\amd64_microsoft.windows.common-controls_6595b64144ccf1df_6.0.26100.4768_none_3e0c112ce331287c;c:\Users\tecno\.cursor\extensions\redhat.java-1.44.0-win32-x64\jre\21.0.8-win32-x86_64\bin\server;C:\Users\tecno\AppData\Roaming\Cursor\User\globalStorage\redhat.java\1.44.0\config_win\org.eclipse.equinox.launcher\org.eclipse.equinox.launcher.win32.win32.x86_64_1.2.1400.v20250730-1736;C:\Users\tecno\AppData\Local\Temp\jna--273298663;C:\Users\tecno\.gradle\native\1def1411415f61bf3af743bc5b6707747c0891f09f0c88961ee8f79bc544acac\windows-amd64

VM Arguments:
jvm_args: --add-modules=ALL-SYSTEM --add-opens=java.base/java.util=ALL-UNNAMED --add-opens=java.base/java.lang=ALL-UNNAMED --add-opens=java.base/sun.nio.fs=ALL-UNNAMED -Declipse.application=org.eclipse.jdt.ls.core.id1 -Dosgi.bundles.defaultStartLevel=4 -Declipse.product=org.eclipse.jdt.ls.core.product -Djava.import.generatesMetadataFilesAtProjectRoot=false -DDetectVMInstallationsJob.disabled=true -Dfile.encoding=utf8 -XX:+UseParallelGC -XX:GCTimeRatio=4 -XX:AdaptiveSizePolicyWeight=90 -Dsun.zip.disableMemoryMapping=true -Xmx2G -Xms100m -Xlog:disable -javaagent:c:\Users\tecno\.cursor\extensions\redhat.java-1.44.0-win32-x64\lombok\lombok-1.18.39-4050.jar -XX:+HeapDumpOnOutOfMemoryError -XX:HeapDumpPath=c:\Users\tecno\AppData\Roaming\Cursor\User\workspaceStorage\9eae34b0d5b89c8b22c897e650099e2c\redhat.java -Daether.dependencyCollector.impl=bf 
java_command: c:\Users\tecno\.cursor\extensions\redhat.java-1.44.0-win32-x64\server\plugins\org.eclipse.equinox.launcher_1.7.0.v20250519-0528.jar -configuration c:\Users\tecno\AppData\Roaming\Cursor\User\globalStorage\redhat.java\1.44.0\config_win -data c:\Users\tecno\AppData\Roaming\Cursor\User\workspaceStorage\9eae34b0d5b89c8b22c897e650099e2c\redhat.java\jdt_ws --pipe=\\.\pipe\lsp-d6ae982270704671925fdbbdabe2e2ff-sock
java_class_path (initial): c:\Users\tecno\.cursor\extensions\redhat.java-1.44.0-win32-x64\server\plugins\org.eclipse.equinox.launcher_1.7.0.v20250519-0528.jar
Launcher Type: SUN_STANDARD

[Global flags]
    uintx AdaptiveSizePolicyWeight                 = 90                                        {product} {command line}
     intx CICompilerCount                          = 4                                         {product} {ergonomic}
    uintx GCTimeRatio                              = 4                                         {product} {command line}
     bool HeapDumpOnOutOfMemoryError               = true                                   {manageable} {command line}
    ccstr HeapDumpPath                             = c:\Users\tecno\AppData\Roaming\Cursor\User\workspaceStorage\9eae34b0d5b89c8b22c897e650099e2c\redhat.java         {manageable} {command line}
   size_t InitialHeapSize                          = 104857600                                 {product} {command line}
   size_t MaxHeapSize                              = 2147483648                                {product} {command line}
   size_t MaxNewSize                               = 715653120                                 {product} {ergonomic}
   size_t MinHeapDeltaBytes                        = 524288                                    {product} {ergonomic}
   size_t MinHeapSize                              = 104857600                                 {product} {command line}
   size_t NewSize                                  = 34603008                                  {product} {ergonomic}
    uintx NonNMethodCodeHeapSize                   = 5839372                                {pd product} {ergonomic}
    uintx NonProfiledCodeHeapSize                  = 122909434                              {pd product} {ergonomic}
   size_t OldSize                                  = 70254592                                  {product} {ergonomic}
    uintx ProfiledCodeHeapSize                     = 122909434                              {pd product} {ergonomic}
    uintx ReservedCodeCacheSize                    = 251658240                              {pd product} {ergonomic}
     bool SegmentedCodeCache                       = true                                      {product} {ergonomic}
   size_t SoftMaxHeapSize                          = 2147483648                             {manageable} {ergonomic}
     bool UseCompressedOops                        = true                           {product lp64_product} {ergonomic}
     bool UseLargePagesIndividualAllocation        = false                                  {pd product} {ergonomic}
     bool UseParallelGC                            = true                                      {product} {command line}

Logging:
Log output configuration:
 #0: stdout all=off uptime,level,tags foldmultilines=false
 #1: stderr all=off uptime,level,tags foldmultilines=false

Environment Variables:
JAVA_HOME=C:\Program Files\Java\jdk-17
PATH=C:\Program Files\Common Files\Oracle\Java\javapath;C:\Program Files (x86)\Common Files\Oracle\Java\java8path;C:\Program Files (x86)\Common Files\Oracle\Java\javapath;C:\Python312\Scripts\;C:\Python312\;C:\WINDOWS\system32;C:\WINDOWS;C:\WINDOWS\System32\Wbem;C:\WINDOWS\System32\WindowsPowerShell\v1.0\;C:\WINDOWS\System32\OpenSSH\;C:\ProgramData\chocolatey\bin;C:\Program Files\dotnet\;C:\Program Files\Git\cmd;C:\Program Files (x86)\Microsoft SQL Server\160\Tools\Binn\;C:\Program Files\Microsoft SQL Server\160\Tools\Binn\;C:\Program Files\Microsoft SQL Server\Client SDK\ODBC\170\Tools\Binn\;C:\Program Files\Microsoft SQL Server\160\DTS\Binn\;C:\src\flutter\bin;c:\Users\tecno\AppData\Local\Programs\cursor\resources\app\bin;c:\Users\tecno\AppData\Local\Programs\cursor\resources\app\bin;C:\Program Files\nodejs\;C:\Program Files (x86)\NVIDIA Corporation\PhysX\Common;C:\ffmpeg\bin;C:\Program Files\Java\jdk-17\bin;C:\Users\tecno\AppData\Local\Android\Sdk\build-tools\35.0.0;C:\Users\tecno\AppData\Local\Android\Sdk\platform-tools;C:\Users\tecno\AppData\Local\Android\Sdk\tools;C:\Users\tecno\AppData\Local\Microsoft\WindowsApps;C:\Users\tecno\AppData\Local\Muse Hub\lib;C:\Program Files\PostgreSQL\16\bin;C:\Users\tecno\AppData\Roaming\npm;C:\StripeCLI\stripe.exe;D:\cursor\resources\app\bin;C:\Users\tecno\AppData\Local\Programs\cursor\resources\app\bin
USERNAME=AVTR-PC-TI-01
OS=Windows_NT
PROCESSOR_IDENTIFIER=AMD64 Family 23 Model 96 Stepping 1, AuthenticAMD
TMP=C:\Users\tecno\AppData\Local\Temp
TEMP=C:\Users\tecno\AppData\Local\Temp




Periodic native trim disabled

---------------  S Y S T E M  ---------------

OS:
 Windows 11 , 64 bit Build 26100 (10.0.26100.4768)
OS uptime: 0 days 11:50 hours
Hyper-V role detected

CPU: total 12 (initial active 12) (12 cores per cpu, 2 threads per core) family 23 model 96 stepping 1 microcode 0x8600106, cx8, cmov, fxsr, ht, mmx, 3dnowpref, sse, sse2, sse3, ssse3, sse4a, sse4.1, sse4.2, popcnt, lzcnt, tsc, tscinvbit, avx, avx2, aes, clmul, bmi1, bmi2, adx, sha, fma, vzeroupper, clflush, clflushopt, hv, rdtscp, rdpid, f16c
Processor Information for the first 12 processors :
  Max Mhz: 3701, Current Mhz: 3701, Mhz Limit: 3701

Memory: 4k page, system-wide physical 23953M (765M free)
TotalPageFile size 40974M (AvailPageFile size 1M)
current process WorkingSet (physical memory assigned to process): 475M, peak: 475M
current process commit charge ("private bytes"): 515M, peak: 1705M

vm_info: OpenJDK 64-Bit Server VM (21.0.8+9-LTS) for windows-amd64 JRE (21.0.8+9-LTS), built on 2025-07-15T00:00:00Z by "admin" with MS VC++ 17.7 (VS2022)

END.
